Determining size of PetscInt failed with the following output:
Change Dir: /home/lesha/mipt/plusi/term_4/fenics/documented/navier-stokes/cpp/build/CMakeFiles/CMakeTmp

Run Build Command(s):/usr/bin/gmake -f Makefile cmTC_a507f/fast && /usr/bin/gmake  -f CMakeFiles/cmTC_a507f.dir/build.make CMakeFiles/cmTC_a507f.dir/build
gmake[1]: Entering directory '/home/lesha/mipt/plusi/term_4/fenics/documented/navier-stokes/cpp/build/CMakeFiles/CMakeTmp'
Building C object CMakeFiles/cmTC_a507f.dir/PETSC_INT_SIZE.c.o
/usr/bin/cc  -I/usr/lib/petscdir/petsc3.15/x86_64-linux-gnu-real/include  -o CMakeFiles/cmTC_a507f.dir/PETSC_INT_SIZE.c.o -c /home/lesha/mipt/plusi/term_4/fenics/documented/navier-stokes/cpp/build/CMakeFiles/CheckTypeSize/PETSC_INT_SIZE.c
In file included from /home/lesha/mipt/plusi/term_4/fenics/documented/navier-stokes/cpp/build/CMakeFiles/CheckTypeSize/PETSC_INT_SIZE.c:4:
/usr/lib/petscdir/petsc3.15/x86_64-linux-gnu-real/include/petscsys.h:138:12: fatal error: mpi.h: No such file or directory
  138 | #  include <mpi.h>
      |            ^~~~~~~
compilation terminated.
gmake[1]: *** [CMakeFiles/cmTC_a507f.dir/build.make:78: CMakeFiles/cmTC_a507f.dir/PETSC_INT_SIZE.c.o] Error 1
gmake[1]: Leaving directory '/home/lesha/mipt/plusi/term_4/fenics/documented/navier-stokes/cpp/build/CMakeFiles/CMakeTmp'
gmake: *** [Makefile:127: cmTC_a507f/fast] Error 2


/home/lesha/mipt/plusi/term_4/fenics/documented/navier-stokes/cpp/build/CMakeFiles/CheckTypeSize/PETSC_INT_SIZE.c:
#include <sys/types.h>
#include <stdint.h>
#include <stddef.h>
#include "petscsys.h"


#undef KEY
#if defined(__i386)
# define KEY '_','_','i','3','8','6'
#elif defined(__x86_64)
# define KEY '_','_','x','8','6','_','6','4'
#elif defined(__PPC64__)
# define KEY '_','_','P','P','C','6','4','_','_'
#elif defined(__ppc64__)
# define KEY '_','_','p','p','c','6','4','_','_'
#elif defined(__PPC__)
# define KEY '_','_','P','P','C','_','_'
#elif defined(__ppc__)
# define KEY '_','_','p','p','c','_','_'
#elif defined(__aarch64__)
# define KEY '_','_','a','a','r','c','h','6','4','_','_'
#elif defined(__ARM_ARCH_7A__)
# define KEY '_','_','A','R','M','_','A','R','C','H','_','7','A','_','_'
#elif defined(__ARM_ARCH_7S__)
# define KEY '_','_','A','R','M','_','A','R','C','H','_','7','S','_','_'
#endif

#define SIZE (sizeof(PetscInt))
static char info_size[] =  {'I', 'N', 'F', 'O', ':', 's','i','z','e','[',
  ('0' + ((SIZE / 10000)%10)),
  ('0' + ((SIZE / 1000)%10)),
  ('0' + ((SIZE / 100)%10)),
  ('0' + ((SIZE / 10)%10)),
  ('0' +  (SIZE    % 10)),
  ']',
#ifdef KEY
  ' ','k','e','y','[', KEY, ']',
#endif
  '\0'};

#ifdef __CLASSIC_C__
int main(argc, argv) int argc; char *argv[];
#else
int main(int argc, char *argv[])
#endif
{
  int require = 0;
  require += info_size[argc];
  (void)argv;
  return require;
}


